<?xml version="1.0" encoding="UTF-8"?>
<!-- Generated by org.testng.reporters.JUnitReportReporter -->
<testsuite hostname="Ashok-PC" name="com.pak.jenkines.SimpleTestCaseDemo" tests="1" failures="0" timestamp="9 Oct 2016 15:40:03 GMT" time="0.015" errors="0">
  <testcase name="verifyGooglePageTitle" time="0.015" classname="com.pak.jenkines.SimpleTestCaseDemo"/>
</testsuite> <!-- com.pak.jenkines.SimpleTestCaseDemo -->
