<?xml version="1.0" encoding="UTF-8"?>
<!-- Generated by org.testng.reporters.JUnitReportReporter -->
<testsuite hostname="Ashok-PC" name="com.pak.jenkines.SampleProgrameDemo" tests="1" failures="0" timestamp="9 Oct 2016 17:23:05 GMT" time="0.004" errors="0">
  <testcase name="verifyGooglePageText" time="0.004" classname="com.pak.jenkines.SampleProgrameDemo"/>
</testsuite> <!-- com.pak.jenkines.SampleProgrameDemo -->
